<?xml version="1.0" encoding="UTF-8"?>
<testsuite xmlns:xsi="http://www.w3.org/2001/XMLSchema-instance" xsi:noNamespaceSchemaLocation="https://maven.apache.org/surefire/maven-surefire-plugin/xsd/surefire-test-report-3.0.xsd" version="3.0" name="br.edu.exemplo.ContaBancariaTest" time="0.14" tests="15" errors="0" skipped="0" failures="1">
  <properties>
[...]
</properties>
  <testcase name="titularInvalido" classname="br.edu.exemplo.ContaBancariaTest" time="0.041"/>
  <testcase name="depositoNegativo" classname="br.edu.exemplo.ContaBancariaTest" time="0.017"/>
  <testcase name="saldoInsuficiente" classname="br.edu.exemplo.ContaBancariaTest" time="0.004"/>
  <testcase name="exemploCriacaoConta" classname="br.edu.exemplo.ContaBancariaTest" time="0.001"/>
  <testcase name="exemploSaqueSaldoSuficiente" classname="br.edu.exemplo.ContaBancariaTest" time="0.001"/>
  <testcase name="transferenciaInvalida" classname="br.edu.exemplo.ContaBancariaTest" time="0.001"/>
  <testcase name="transferenciaMesmaConta" classname="br.edu.exemplo.ContaBancariaTest" time="0.009">
    <failure message="Expected java.lang.IllegalArgumentException to be thrown, but nothing was thrown." type="org.opentest4j.AssertionFailedError"><![CDATA[org.opentest4j.AssertionFailedError: Expected java.lang.IllegalArgumentException to be thrown, but nothing was thrown.
	at org.junit.jupiter.api.AssertionFailureBuilder.build(AssertionFailureBuilder.java:152)
	at org.junit.jupiter.api.AssertThrows.assertThrows(AssertThrows.java:73)
	at org.junit.jupiter.api.AssertThrows.assertThrows(AssertThrows.java:35)
	at org.junit.jupiter.api.Assertions.assertThrows(Assertions.java:3111)
	at br.edu.exemplo.ContaBancariaTest.transferenciaMesmaConta(ContaBancariaTest.java:83)
	at java.base/java.lang.reflect.Method.invoke(Method.java:565)
	at java.base/java.util.ArrayList.forEach(ArrayList.java:1604)
	at java.base/java.util.ArrayList.forEach(ArrayList.java:1604)
]]></failure>
  </testcase>
  <testcase name="saldoEscalasDiferentes" classname="br.edu.exemplo.ContaBancariaTest" time="0.001"/>
  <testcase name="transferenciaEncadeada" classname="br.edu.exemplo.ContaBancariaTest" time="0.003"/>
  <testcase name="transferenciaNula" classname="br.edu.exemplo.ContaBancariaTest" time="0.002"/>
  <testcase name="transferenciaInvalida2" classname="br.edu.exemplo.ContaBancariaTest" time="0.001"/>
  <testcase name="mensagensDeErro" classname="br.edu.exemplo.ContaBancariaTest" time="0.002"/>
  <testcase name="transferenciaValida" classname="br.edu.exemplo.ContaBancariaTest" time="0.001"/>
  <testcase name="exemploDeposito" classname="br.edu.exemplo.ContaBancariaTest" time="0.001"/>
  <testcase name="adicionarSaldo" classname="br.edu.exemplo.ContaBancariaTest" time="0.001"/>
</testsuite>